<?xml version="1.0" encoding="UTF-8"?>
<robot generator="Robot 3.2.1 (Python 3.7.3 on win32)" generated="20200709 10:11:56.610" rpa="false">
<suite id="s1" name="Tests" source="C:\Users\DELL\PycharmProjects\Testing\tests.robot">
<test id="s1-t1" name="Get Data Tests">
<kw name="Get All Users In A Page" library="Keywords">
<tags>
<tag>GET</tag>
</tags>
<doc>Calls the API to return the response status code and total number of users.
Expected result is the API returns a code 200 success and 6 total users.</doc>
<kw name="Evaluate" library="BuiltIn">
<doc>Evaluates the given expression in Python and returns the result.</doc>
<arguments>
<arg>random.randint(1, 2)</arg>
<arg>modules=random</arg>
</arguments>
<assign>
<var>${page_number}</var>
</assign>
<msg timestamp="20200709 10:11:57.149" level="INFO">${page_number} = 1</msg>
<status status="PASS" starttime="20200709 10:11:57.148" endtime="20200709 10:11:57.149"></status>
</kw>
<kw name="Get Users In Page" library="APITests">
<doc>Documentation: This function uses the provided url to send an API request
using python's requests library (GET method). It should return the json data that contains
the specific data you are hoping to find. This function only returns the data with
the given path you provide (in tuple format).</doc>
<arguments>
<arg>${page_number}</arg>
</arguments>
<assign>
<var>${response_code}</var>
<var>${total_users_in_page}</var>
</assign>
<msg timestamp="20200709 10:11:57.510" level="INFO">${response_code} = 200</msg>
<msg timestamp="20200709 10:11:57.510" level="INFO">${total_users_in_page} = 6</msg>
<status status="PASS" starttime="20200709 10:11:57.149" endtime="20200709 10:11:57.510"></status>
</kw>
<kw name="Should Be Equal As Integers" library="BuiltIn">
<doc>Fails if objects are unequal after converting them to integers.</doc>
<arguments>
<arg>${response_code}</arg>
<arg>${STATUS_CODE_OK}</arg>
</arguments>
<msg timestamp="20200709 10:11:57.510" level="INFO">Argument types are:
&lt;class 'int'&gt;
&lt;type 'unicode'&gt;</msg>
<status status="PASS" starttime="20200709 10:11:57.510" endtime="20200709 10:11:57.510"></status>
</kw>
<kw name="Should Be Equal As Integers" library="BuiltIn">
<doc>Fails if objects are unequal after converting them to integers.</doc>
<arguments>
<arg>${total_users_in_page}</arg>
<arg>${TOTAL_NUMBER_OF_USERS}</arg>
</arguments>
<msg timestamp="20200709 10:11:57.511" level="INFO">Argument types are:
&lt;class 'int'&gt;
&lt;type 'unicode'&gt;</msg>
<status status="PASS" starttime="20200709 10:11:57.510" endtime="20200709 10:11:57.511"></status>
</kw>
<status status="PASS" starttime="20200709 10:11:57.148" endtime="20200709 10:11:57.511"></status>
</kw>
<kw name="Get A Specific User Test" library="Keywords">
<tags>
<tag>GET</tag>
</tags>
<doc>Calls the API to return the response status code and reponse user id.
Expected result is the API returns 200 status code success and the user id from the response.</doc>
<kw name="Evaluate" library="BuiltIn">
<doc>Evaluates the given expression in Python and returns the result.</doc>
<arguments>
<arg>random.randint(1, 12)</arg>
<arg>modules=random</arg>
</arguments>
<assign>
<var>${id}</var>
</assign>
<msg timestamp="20200709 10:11:57.512" level="INFO">${id} = 8</msg>
<status status="PASS" starttime="20200709 10:11:57.512" endtime="20200709 10:11:57.512"></status>
</kw>
<kw name="Get Single User" library="APITests">
<doc>Documentation: This function uses the provided user_id to send an API request
using python's requests library (GET method). It should return the json data
that contains the specific data you are hoping to find. This function only returns the data with
the given path you provide (in tuple format).</doc>
<arguments>
<arg>${id}</arg>
</arguments>
<assign>
<var>${recived_response}</var>
<var>${sent_id}</var>
</assign>
<msg timestamp="20200709 10:11:57.876" level="INFO">${recived_response} = 200</msg>
<msg timestamp="20200709 10:11:57.876" level="INFO">${sent_id} = 8</msg>
<status status="PASS" starttime="20200709 10:11:57.512" endtime="20200709 10:11:57.876"></status>
</kw>
<kw name="Should Be Equal As Integers" library="BuiltIn">
<doc>Fails if objects are unequal after converting them to integers.</doc>
<arguments>
<arg>${recived_response}</arg>
<arg>${STATUS_CODE_OK}</arg>
</arguments>
<msg timestamp="20200709 10:11:57.877" level="INFO">Argument types are:
&lt;class 'int'&gt;
&lt;type 'unicode'&gt;</msg>
<status status="PASS" starttime="20200709 10:11:57.876" endtime="20200709 10:11:57.877"></status>
</kw>
<kw name="Should Be Equal As Integers" library="BuiltIn">
<doc>Fails if objects are unequal after converting them to integers.</doc>
<arguments>
<arg>${id}</arg>
<arg>${sent_id}</arg>
</arguments>
<status status="PASS" starttime="20200709 10:11:57.877" endtime="20200709 10:11:57.877"></status>
</kw>
<status status="PASS" starttime="20200709 10:11:57.511" endtime="20200709 10:11:57.877"></status>
</kw>
<kw name="Single User Not Found Test" library="Keywords">
<tags>
<tag>GET</tag>
</tags>
<doc>Calls the API to return the response status code.
Expected result is the API returns 404 status code not found.</doc>
<kw name="Evaluate" library="BuiltIn">
<doc>Evaluates the given expression in Python and returns the result.</doc>
<arguments>
<arg>random.randint(13, 100)</arg>
<arg>modules=random</arg>
</arguments>
<assign>
<var>${id}</var>
</assign>
<msg timestamp="20200709 10:11:57.878" level="INFO">${id} = 82</msg>
<status status="PASS" starttime="20200709 10:11:57.878" endtime="20200709 10:11:57.878"></status>
</kw>
<kw name="Single User Not Found" library="APITests">
<doc>Documentation: This function uses the provided user_id to send an API request
using python's requests library (GET method). It should return the json data
that contains the specific data you are hoping to find. This function only returns
the data with the given path you provide (in tuple format).</doc>
<arguments>
<arg>${id}</arg>
</arguments>
<assign>
<var>${recived_response}</var>
</assign>
<msg timestamp="20200709 10:11:58.296" level="INFO">404</msg>
<msg timestamp="20200709 10:11:58.296" level="INFO">${recived_response} = 404</msg>
<status status="PASS" starttime="20200709 10:11:57.878" endtime="20200709 10:11:58.296"></status>
</kw>
<kw name="Should Be Equal As Integers" library="BuiltIn">
<doc>Fails if objects are unequal after converting them to integers.</doc>
<arguments>
<arg>${recived_response}</arg>
<arg>${STATUS_CODE_NOT_FOUND}</arg>
</arguments>
<msg timestamp="20200709 10:11:58.297" level="INFO">Argument types are:
&lt;class 'int'&gt;
&lt;type 'unicode'&gt;</msg>
<status status="PASS" starttime="20200709 10:11:58.296" endtime="20200709 10:11:58.297"></status>
</kw>
<status status="PASS" starttime="20200709 10:11:57.878" endtime="20200709 10:11:58.297"></status>
</kw>
<kw name="Delayed Response Test" library="Keywords">
<tags>
<tag>GET</tag>
</tags>
<doc>Calls the API to return the response status code (OK) and total number of users.
Expected result is the API returns a code 200 success (OK) and 12 total users.</doc>
<kw name="Delayed Response" library="APITests">
<doc>Documentation: This function uses the url to send an API request
using python's requests library (GET request). It should return the json data
that contains the specific data you are hoping to find. This
function only returns the data with the given path you provide (in tuple format).</doc>
<assign>
<var>${recived_response}</var>
<var>${users_total}</var>
</assign>
<msg timestamp="20200709 10:12:01.724" level="INFO">${recived_response} = 200</msg>
<msg timestamp="20200709 10:12:01.724" level="INFO">${users_total} = 6</msg>
<status status="PASS" starttime="20200709 10:11:58.298" endtime="20200709 10:12:01.724"></status>
</kw>
<kw name="Should Be Equal As Integers" library="BuiltIn">
<doc>Fails if objects are unequal after converting them to integers.</doc>
<arguments>
<arg>${recived_response}</arg>
<arg>${STATUS_CODE_OK}</arg>
</arguments>
<msg timestamp="20200709 10:12:01.724" level="INFO">Argument types are:
&lt;class 'int'&gt;
&lt;type 'unicode'&gt;</msg>
<status status="PASS" starttime="20200709 10:12:01.724" endtime="20200709 10:12:01.725"></status>
</kw>
<kw name="Should Be Equal As Integers" library="BuiltIn">
<doc>Fails if objects are unequal after converting them to integers.</doc>
<arguments>
<arg>${users_total}</arg>
<arg>${TOTAL_NUMBER_OF_USERS}</arg>
</arguments>
<msg timestamp="20200709 10:12:01.725" level="INFO">Argument types are:
&lt;class 'int'&gt;
&lt;type 'unicode'&gt;</msg>
<status status="PASS" starttime="20200709 10:12:01.725" endtime="20200709 10:12:01.725"></status>
</kw>
<status status="PASS" starttime="20200709 10:11:58.297" endtime="20200709 10:12:01.725"></status>
</kw>
<status status="PASS" starttime="20200709 10:11:57.147" endtime="20200709 10:12:01.726" critical="yes"></status>
</test>
<test id="s1-t2" name="Alter Data Tests">
<kw name="Create A New User And Verify It Was Created" library="Keywords">
<tags>
<tag>POST</tag>
</tags>
<doc>Calls the API to return the response status code (CREATED) name and job from the response body.
Expected result is the API returns 201 status code (CREATED) . name, job of the sent request should
be the same from the response data.</doc>
<kw name="Set Variable" library="BuiltIn">
<doc>Returns the given values which can then be assigned to a variables.</doc>
<arguments>
<arg>ahmad</arg>
</arguments>
<assign>
<var>${created_name}</var>
</assign>
<msg timestamp="20200709 10:12:01.728" level="INFO">${created_name} = ahmad</msg>
<status status="PASS" starttime="20200709 10:12:01.728" endtime="20200709 10:12:01.728"></status>
</kw>
<kw name="Set Variable" library="BuiltIn">
<doc>Returns the given values which can then be assigned to a variables.</doc>
<arguments>
<arg>Actor</arg>
</arguments>
<assign>
<var>${created_job}</var>
</assign>
<msg timestamp="20200709 10:12:01.729" level="INFO">${created_job} = Actor</msg>
<status status="PASS" starttime="20200709 10:12:01.729" endtime="20200709 10:12:01.729"></status>
</kw>
<kw name="Create User" library="APITests">
<doc>Documentation: This function uses the provided user_name and user_job post a request
using python's requests library (POST request). It Creates a new user with the given
parameters.This function only returns the data in tuple format.</doc>
<arguments>
<arg>${created_name}</arg>
<arg>${created_job}</arg>
</arguments>
<assign>
<var>${new_user_name}</var>
<var>${new_user_job}</var>
<var>${response_status}</var>
</assign>
<msg timestamp="20200709 10:12:02.151" level="INFO">${new_user_name} = ahmad</msg>
<msg timestamp="20200709 10:12:02.151" level="INFO">${new_user_job} = Actor</msg>
<msg timestamp="20200709 10:12:02.151" level="INFO">${response_status} = 201</msg>
<status status="PASS" starttime="20200709 10:12:01.729" endtime="20200709 10:12:02.151"></status>
</kw>
<kw name="Should Be Equal As Integers" library="BuiltIn">
<doc>Fails if objects are unequal after converting them to integers.</doc>
<arguments>
<arg>${response_status}</arg>
<arg>${STATUS_CODE_CREATED}</arg>
</arguments>
<msg timestamp="20200709 10:12:02.152" level="INFO">Argument types are:
&lt;class 'int'&gt;
&lt;type 'unicode'&gt;</msg>
<status status="PASS" starttime="20200709 10:12:02.151" endtime="20200709 10:12:02.152"></status>
</kw>
<kw name="Should Be Equal As Strings" library="BuiltIn">
<doc>Fails if objects are unequal after converting them to strings.</doc>
<arguments>
<arg>${created_name}</arg>
<arg>${new_user_name}</arg>
</arguments>
<status status="PASS" starttime="20200709 10:12:02.152" endtime="20200709 10:12:02.152"></status>
</kw>
<kw name="Should Be Equal As Strings" library="BuiltIn">
<doc>Fails if objects are unequal after converting them to strings.</doc>
<arguments>
<arg>${created_job}</arg>
<arg>${new_user_job}</arg>
</arguments>
<status status="PASS" starttime="20200709 10:12:02.152" endtime="20200709 10:12:02.152"></status>
</kw>
<status status="PASS" starttime="20200709 10:12:01.728" endtime="20200709 10:12:02.152"></status>
</kw>
<kw name="Update User And Verify It Has Been Updated" library="Keywords">
<tags>
<tag>PUT</tag>
</tags>
<doc>Calls the API to return the response status code, updates name and job from the response body.
Expected result is the API returns 200 status code OK. name, job of the sent request should be
the same from the response data.</doc>
<kw name="Evaluate" library="BuiltIn">
<doc>Evaluates the given expression in Python and returns the result.</doc>
<arguments>
<arg>random.randint(1, 12)</arg>
<arg>modules=random</arg>
</arguments>
<assign>
<var>${user_ID}</var>
</assign>
<msg timestamp="20200709 10:12:02.153" level="INFO">${user_ID} = 7</msg>
<status status="PASS" starttime="20200709 10:12:02.153" endtime="20200709 10:12:02.154"></status>
</kw>
<kw name="Set Variable" library="BuiltIn">
<doc>Returns the given values which can then be assigned to a variables.</doc>
<arguments>
<arg>ahmad</arg>
</arguments>
<assign>
<var>${new_name}</var>
</assign>
<msg timestamp="20200709 10:12:02.154" level="INFO">${new_name} = ahmad</msg>
<status status="PASS" starttime="20200709 10:12:02.154" endtime="20200709 10:12:02.154"></status>
</kw>
<kw name="Set Variable" library="BuiltIn">
<doc>Returns the given values which can then be assigned to a variables.</doc>
<arguments>
<arg>Actor</arg>
</arguments>
<assign>
<var>${new_job}</var>
</assign>
<msg timestamp="20200709 10:12:02.154" level="INFO">${new_job} = Actor</msg>
<status status="PASS" starttime="20200709 10:12:02.154" endtime="20200709 10:12:02.154"></status>
</kw>
<kw name="Update User" library="APITests">
<doc>Documentation: This function uses the provided user ID to update the specific user
using python's requests library (PUT method). It updates the specific user with the given parameters.
This function returns the response data (name, job) from the request in tuple format.</doc>
<arguments>
<arg>${user_ID}</arg>
<arg>${new_name}</arg>
<arg>${new_job}</arg>
</arguments>
<assign>
<var>${updated_user_name}</var>
<var>${updated_user_job}</var>
<var>${received_status}</var>
</assign>
<msg timestamp="20200709 10:12:02.568" level="INFO">${updated_user_name} = ahmad</msg>
<msg timestamp="20200709 10:12:02.569" level="INFO">${updated_user_job} = Actor</msg>
<msg timestamp="20200709 10:12:02.569" level="INFO">${received_status} = 200</msg>
<status status="PASS" starttime="20200709 10:12:02.154" endtime="20200709 10:12:02.569"></status>
</kw>
<kw name="Should Be Equal As Integers" library="BuiltIn">
<doc>Fails if objects are unequal after converting them to integers.</doc>
<arguments>
<arg>${received_status}</arg>
<arg>${STATUS_CODE_OK}</arg>
</arguments>
<msg timestamp="20200709 10:12:02.569" level="INFO">Argument types are:
&lt;class 'int'&gt;
&lt;type 'unicode'&gt;</msg>
<status status="PASS" starttime="20200709 10:12:02.569" endtime="20200709 10:12:02.569"></status>
</kw>
<kw name="Should Be Equal As Strings" library="BuiltIn">
<doc>Fails if objects are unequal after converting them to strings.</doc>
<arguments>
<arg>${new_name}</arg>
<arg>${updated_user_name}</arg>
</arguments>
<status status="PASS" starttime="20200709 10:12:02.569" endtime="20200709 10:12:02.569"></status>
</kw>
<kw name="Should Be Equal As Strings" library="BuiltIn">
<doc>Fails if objects are unequal after converting them to strings.</doc>
<arguments>
<arg>${new_job}</arg>
<arg>${updated_user_job}</arg>
</arguments>
<status status="PASS" starttime="20200709 10:12:02.569" endtime="20200709 10:12:02.570"></status>
</kw>
<status status="PASS" starttime="20200709 10:12:02.153" endtime="20200709 10:12:02.570"></status>
</kw>
<kw name="Delete User And Verify It Has been Deleted" library="Keywords">
<tags>
<tag>POST</tag>
</tags>
<doc>Calls the API to return the response status code NO CONTENT.
Expected result is the API returns 204 status code NO CONTENT.</doc>
<kw name="Evaluate" library="BuiltIn">
<doc>Evaluates the given expression in Python and returns the result.</doc>
<arguments>
<arg>random.randint(1, 12)</arg>
<arg>modules=random</arg>
</arguments>
<assign>
<var>${User_ID}</var>
</assign>
<msg timestamp="20200709 10:12:02.571" level="INFO">${User_ID} = 11</msg>
<status status="PASS" starttime="20200709 10:12:02.571" endtime="20200709 10:12:02.571"></status>
</kw>
<kw name="Delete User" library="APITests">
<doc>Documentation: This function uses the provided user ID to delete a specific user
using python's requests library (DELETE method). This function returns the response
status data.</doc>
<arguments>
<arg>${User_ID}</arg>
</arguments>
<assign>
<var>${received_response}</var>
</assign>
<msg timestamp="20200709 10:12:02.992" level="INFO">${received_response} = 204</msg>
<status status="PASS" starttime="20200709 10:12:02.571" endtime="20200709 10:12:02.992"></status>
</kw>
<kw name="Should Be Equal As Integers" library="BuiltIn">
<doc>Fails if objects are unequal after converting them to integers.</doc>
<arguments>
<arg>${received_response}</arg>
<arg>${STATUS_CODE_NO_CONTENT}</arg>
</arguments>
<msg timestamp="20200709 10:12:02.992" level="INFO">Argument types are:
&lt;class 'int'&gt;
&lt;type 'unicode'&gt;</msg>
<status status="PASS" starttime="20200709 10:12:02.992" endtime="20200709 10:12:02.992"></status>
</kw>
<status status="PASS" starttime="20200709 10:12:02.570" endtime="20200709 10:12:02.992"></status>
</kw>
<status status="PASS" starttime="20200709 10:12:01.727" endtime="20200709 10:12:02.993" critical="yes"></status>
</test>
<test id="s1-t3" name="Authorization Tests">
<kw name="Successfull Registration Test" library="Keywords">
<tags>
<tag>POST</tag>
</tags>
<doc>Calls the API to return the response status code (OK) , created id and token.
Expected result is the API returns 200 status code (OK) , an id and token for successfull registration.</doc>
<kw name="Set Variable" library="BuiltIn">
<doc>Returns the given values which can then be assigned to a variables.</doc>
<arguments>
<arg>eve.holt@reqres.in</arg>
</arguments>
<assign>
<var>${user_email}</var>
</assign>
<msg timestamp="20200709 10:12:02.995" level="INFO">${user_email} = eve.holt@reqres.in</msg>
<status status="PASS" starttime="20200709 10:12:02.995" endtime="20200709 10:12:02.995"></status>
</kw>
<kw name="Set Variable" library="BuiltIn">
<doc>Returns the given values which can then be assigned to a variables.</doc>
<arguments>
<arg>qwerty</arg>
</arguments>
<assign>
<var>${password}</var>
</assign>
<msg timestamp="20200709 10:12:02.995" level="INFO">${password} = qwerty</msg>
<status status="PASS" starttime="20200709 10:12:02.995" endtime="20200709 10:12:02.995"></status>
</kw>
<kw name="Successful Registration" library="APITests">
<doc>Documentation: This function uses the provided user user_email and user_password to register
using python's requests library (POST method). It sends email, password details.This function
returns the response data (registration id,registration token, response status code) from the
request in tuple format.</doc>
<arguments>
<arg>${user_email}</arg>
<arg>${password}</arg>
</arguments>
<assign>
<var>${created_id}</var>
<var>${created_token}</var>
<var>${verify_successful_registration}</var>
</assign>
<msg timestamp="20200709 10:12:03.411" level="INFO">${created_id} = 4</msg>
<msg timestamp="20200709 10:12:03.411" level="INFO">${created_token} = QpwL5tke4Pnpja7X4</msg>
<msg timestamp="20200709 10:12:03.411" level="INFO">${verify_successful_registration} = 200</msg>
<status status="PASS" starttime="20200709 10:12:02.995" endtime="20200709 10:12:03.411"></status>
</kw>
<kw name="Variable Should Exist" library="BuiltIn">
<doc>Fails unless the given variable exists within the current scope.</doc>
<arguments>
<arg>${created_id}</arg>
</arguments>
<status status="PASS" starttime="20200709 10:12:03.411" endtime="20200709 10:12:03.411"></status>
</kw>
<kw name="Should Not Be Empty" library="BuiltIn">
<doc>Verifies that the given item is not empty.</doc>
<arguments>
<arg>${created_token}</arg>
</arguments>
<msg timestamp="20200709 10:12:03.412" level="INFO">Length is 17</msg>
<status status="PASS" starttime="20200709 10:12:03.411" endtime="20200709 10:12:03.412"></status>
</kw>
<kw name="Should Be Equal As Integers" library="BuiltIn">
<doc>Fails if objects are unequal after converting them to integers.</doc>
<arguments>
<arg>${verify_successful_registration}</arg>
<arg>${STATUS_CODE_OK}</arg>
</arguments>
<msg timestamp="20200709 10:12:03.412" level="INFO">Argument types are:
&lt;class 'int'&gt;
&lt;type 'unicode'&gt;</msg>
<status status="PASS" starttime="20200709 10:12:03.412" endtime="20200709 10:12:03.412"></status>
</kw>
<status status="PASS" starttime="20200709 10:12:02.995" endtime="20200709 10:12:03.412"></status>
</kw>
<kw name="UnSuccessfull Registration Test" library="Keywords">
<tags>
<tag>POST</tag>
</tags>
<doc>Calls the API to return the response status code (BAD REQUEST).
Expected result is the API returns 400 status code (BAD REQUEST).</doc>
<kw name="Set Variable" library="BuiltIn">
<doc>Returns the given values which can then be assigned to a variables.</doc>
<arguments>
<arg>ahmad@reqers.in</arg>
</arguments>
<assign>
<var>${user_email}</var>
</assign>
<msg timestamp="20200709 10:12:03.413" level="INFO">${user_email} = ahmad@reqers.in</msg>
<status status="PASS" starttime="20200709 10:12:03.413" endtime="20200709 10:12:03.413"></status>
</kw>
<kw name="Set Variable" library="BuiltIn">
<doc>Returns the given values which can then be assigned to a variables.</doc>
<arguments>
<arg>qwerty</arg>
</arguments>
<assign>
<var>${password}</var>
</assign>
<msg timestamp="20200709 10:12:03.413" level="INFO">${password} = qwerty</msg>
<status status="PASS" starttime="20200709 10:12:03.413" endtime="20200709 10:12:03.413"></status>
</kw>
<kw name="Unsuccessful Registration" library="APITests">
<doc>Documentation: This function uses the provided user user_email and user_password to register
using python's requests library (POST method). It sends email, password details.This function
returns the response data (response status code) from the request.</doc>
<arguments>
<arg>${user_email}</arg>
<arg>${password}</arg>
</arguments>
<assign>
<var>${verify_unSuccessful_registration}</var>
</assign>
<msg timestamp="20200709 10:12:03.845" level="INFO">${verify_unSuccessful_registration} = 400</msg>
<status status="PASS" starttime="20200709 10:12:03.414" endtime="20200709 10:12:03.845"></status>
</kw>
<kw name="Should Be Equal As Integers" library="BuiltIn">
<doc>Fails if objects are unequal after converting them to integers.</doc>
<arguments>
<arg>${verify_unSuccessful_registration}</arg>
<arg>${STATUS_CODE_BAD_REQUEST}</arg>
</arguments>
<msg timestamp="20200709 10:12:03.846" level="INFO">Argument types are:
&lt;class 'int'&gt;
&lt;type 'unicode'&gt;</msg>
<status status="PASS" starttime="20200709 10:12:03.845" endtime="20200709 10:12:03.846"></status>
</kw>
<status status="PASS" starttime="20200709 10:12:03.413" endtime="20200709 10:12:03.846"></status>
</kw>
<kw name="Successfull Login Test" library="Keywords">
<tags>
<tag>POST</tag>
</tags>
<doc>Calls the API to return the response status code (OK) and token.
Expected result is the API returns 200 status code (OK) and token for successfull login.</doc>
<kw name="Set Variable" library="BuiltIn">
<doc>Returns the given values which can then be assigned to a variables.</doc>
<arguments>
<arg>eve.holt@reqres.in</arg>
</arguments>
<assign>
<var>${user_email}</var>
</assign>
<msg timestamp="20200709 10:12:03.850" level="INFO">${user_email} = eve.holt@reqres.in</msg>
<status status="PASS" starttime="20200709 10:12:03.850" endtime="20200709 10:12:03.850"></status>
</kw>
<kw name="Set Variable" library="BuiltIn">
<doc>Returns the given values which can then be assigned to a variables.</doc>
<arguments>
<arg>qwerty</arg>
</arguments>
<assign>
<var>${password}</var>
</assign>
<msg timestamp="20200709 10:12:03.850" level="INFO">${password} = qwerty</msg>
<status status="PASS" starttime="20200709 10:12:03.850" endtime="20200709 10:12:03.850"></status>
</kw>
<kw name="Successful Login" library="APITests">
<doc>Documentation: This function uses the provided user user_email and user_password to login
using python's requests library (POST method). It sends email, password details.This function
returns the response data (login token, response status code) from the request in tuple format.</doc>
<arguments>
<arg>${user_Email}</arg>
<arg>${password}</arg>
</arguments>
<assign>
<var>${response_token}</var>
<var>${verify_Successful_Login}</var>
</assign>
<msg timestamp="20200709 10:12:04.269" level="INFO">${response_token} = QpwL5tke4Pnpja7X4</msg>
<msg timestamp="20200709 10:12:04.269" level="INFO">${verify_Successful_Login} = 200</msg>
<status status="PASS" starttime="20200709 10:12:03.851" endtime="20200709 10:12:04.269"></status>
</kw>
<kw name="Should Not Be Empty" library="BuiltIn">
<doc>Verifies that the given item is not empty.</doc>
<arguments>
<arg>${response_token}</arg>
</arguments>
<msg timestamp="20200709 10:12:04.270" level="INFO">Length is 17</msg>
<status status="PASS" starttime="20200709 10:12:04.269" endtime="20200709 10:12:04.270"></status>
</kw>
<kw name="Should Be Equal As Integers" library="BuiltIn">
<doc>Fails if objects are unequal after converting them to integers.</doc>
<arguments>
<arg>${verify_successful_login}</arg>
<arg>${STATUS_CODE_OK}</arg>
</arguments>
<msg timestamp="20200709 10:12:04.270" level="INFO">Argument types are:
&lt;class 'int'&gt;
&lt;type 'unicode'&gt;</msg>
<status status="PASS" starttime="20200709 10:12:04.270" endtime="20200709 10:12:04.270"></status>
</kw>
<status status="PASS" starttime="20200709 10:12:03.848" endtime="20200709 10:12:04.270"></status>
</kw>
<kw name="UnSuccessfull login Test" library="Keywords">
<tags>
<tag>POST</tag>
</tags>
<doc>Calls the API to return the response status code (BAD REQUEST).
Expected result is the API returns 400 status code (BAD REQUEST).</doc>
<kw name="Set Variable" library="BuiltIn">
<doc>Returns the given values which can then be assigned to a variables.</doc>
<arguments>
<arg>ahmad@reqers.in</arg>
</arguments>
<assign>
<var>${user_Email}</var>
</assign>
<msg timestamp="20200709 10:12:04.271" level="INFO">${user_Email} = ahmad@reqers.in</msg>
<status status="PASS" starttime="20200709 10:12:04.271" endtime="20200709 10:12:04.271"></status>
</kw>
<kw name="Set Variable" library="BuiltIn">
<doc>Returns the given values which can then be assigned to a variables.</doc>
<arguments>
<arg>qwerty</arg>
</arguments>
<assign>
<var>${password}</var>
</assign>
<msg timestamp="20200709 10:12:04.271" level="INFO">${password} = qwerty</msg>
<status status="PASS" starttime="20200709 10:12:04.271" endtime="20200709 10:12:04.271"></status>
</kw>
<kw name="Unsuccessful Login" library="APITests">
<doc>Documentation: This function uses the provided user user_email and user_password to login
using python's requests library (POST method). It sends email, password details.This function
returns the response data (response status code) from the reques.</doc>
<arguments>
<arg>${user_Email}</arg>
<arg>${password}</arg>
</arguments>
<assign>
<var>${verify_unSuccessful_Login}</var>
</assign>
<msg timestamp="20200709 10:12:04.688" level="INFO">${verify_unSuccessful_Login} = 400</msg>
<status status="PASS" starttime="20200709 10:12:04.271" endtime="20200709 10:12:04.688"></status>
</kw>
<kw name="Should Be Equal As Integers" library="BuiltIn">
<doc>Fails if objects are unequal after converting them to integers.</doc>
<arguments>
<arg>${verify_unSuccessful_login}</arg>
<arg>${STATUS_CODE_BAD_REQUEST}</arg>
</arguments>
<msg timestamp="20200709 10:12:04.689" level="INFO">Argument types are:
&lt;class 'int'&gt;
&lt;type 'unicode'&gt;</msg>
<status status="PASS" starttime="20200709 10:12:04.688" endtime="20200709 10:12:04.689"></status>
</kw>
<status status="PASS" starttime="20200709 10:12:04.271" endtime="20200709 10:12:04.689"></status>
</kw>
<status status="PASS" starttime="20200709 10:12:02.994" endtime="20200709 10:12:04.689" critical="yes"></status>
</test>
<status status="PASS" starttime="20200709 10:11:56.611" endtime="20200709 10:12:04.691"></status>
</suite>
<statistics>
<total>
<stat pass="3" fail="0">Critical Tests</stat>
<stat pass="3" fail="0">All Tests</stat>
</total>
<tag>
</tag>
<suite>
<stat pass="3" fail="0" id="s1" name="Tests">Tests</stat>
</suite>
</statistics>
<errors>
</errors>
</robot>
